<?xml version="1.0" encoding="UTF-8"?>
<testsuite name="CalculatorTest" tests="9" skipped="0" failures="0" errors="0" timestamp="2020-01-30T15:11:23" hostname="ngwako-Inspiron-15-3567" time="0.029">
  <properties/>
  <testcase name="differentDelimeterOfAnyLength()" classname="CalculatorTest" time="0.008"/>
  <testcase name="testExpectedExceptionWithSuperType()" classname="CalculatorTest" time="0.002"/>
  <testcase name="handleIntegersPassedAsStrings()" classname="CalculatorTest" time="0.001"/>
  <testcase name="handleInvalidInput()" classname="CalculatorTest" time="0.002"/>
  <testcase name="delimeterOfAnyLength()" classname="CalculatorTest" time="0.001"/>
  <testcase name="handleMultipleIntegers()" classname="CalculatorTest" time="0.001"/>
  <testcase name="ignoreIntegerMoreThan1000()" classname="CalculatorTest" time="0.001"/>
  <testcase name="handleNewLines()" classname="CalculatorTest" time="0.001"/>
  <testcase name="handleDifferentDelimeter()" classname="CalculatorTest" time="0.001"/>
  <system-out><![CDATA[]]></system-out>
  <system-err><![CDATA[]]></system-err>
</testsuite>
